# JRE version: OpenJDK Runtime Environment (21.0.5) (build 21.0.5+-12932927-b750.29)
# Java VM: OpenJDK 64-Bit Server VM (21.0.5+-12932927-b750.29, mixed mode, tiered, compressed oops, compressed class ptrs, g1 gc, windows-amd64)
GC Precious Log:
 CardTable entry size: 512
 Card Set container configuration: InlinePtr #cards 5 size 8 Array Of Cards #cards 12 size 40 Howl #buckets 4 coarsen threshold 1843 Howl Bitmap #cards 512 size 80 coarsen threshold 460 Card regions per heap region 1 cards per card region 2048
 CPUs: 8 total, 8 available
 Memory: 7872M
 Large Page Support: Disabled
 NUMA Support: Disabled
 Compressed Oops: Enabled (32-bit)
 Heap Region Size: 1M
 Heap Min Capacity: 8M
 Heap Initial Capacity: 124M
 Heap Max Capacity: 2G
 Pre-touch: Disabled
 Parallel Workers: 8
 Concurrent Workers: 2
 Concurrent Refinement Workers: 8
 Periodic GC: Disabled
Heap:
 garbage-first heap   total 186368K, used 123728K [0x0000000080000000, 0x0000000100000000)
  region size 1024K, 12 young (12288K), 8 survivors (8192K)
 Metaspace       used 114148K, committed 116288K, reserved 1179648K
  class space    used 14838K, committed 15872K, reserved 1048576K
GC Heap History (20 events):
Event: 12.839 GC heap before
{Heap before GC invocations=23 (full 0):
 garbage-first heap   total 132096K, used 92639K [0x0000000080000000, 0x0000000100000000)
  region size 1024K, 18 young (18432K), 4 survivors (4096K)
 Metaspace       used 75803K, committed 77504K, reserved 1179648K
  class space    used 10484K, committed 11264K, reserved 1048576K
}
Event: 12.843 GC heap after
{Heap after GC invocations=24 (full 0):
 garbage-first heap   total 132096K, used 79827K [0x0000000080000000, 0x0000000100000000)
  region size 1024K, 3 young (3072K), 3 survivors (3072K)
 Metaspace       used 75803K, committed 77504K, reserved 1179648K
  class space    used 10484K, committed 11264K, reserved 1048576K
}
Event: 13.410 GC heap before
{Heap before GC invocations=25 (full 0):
 garbage-first heap   total 147456K, used 134099K [0x0000000080000000, 0x0000000100000000)
  region size 1024K, 42 young (43008K), 3 survivors (3072K)
 Metaspace       used 78716K, committed 80448K, reserved 1179648K
  class space    used 10827K, committed 11648K, reserved 1048576K
}
Event: 13.418 GC heap after
{Heap after GC invocations=26 (full 0):
 garbage-first heap   total 147456K, used 93073K [0x0000000080000000, 0x0000000100000000)
  region size 1024K, 6 young (6144K), 6 survivors (6144K)
 Metaspace       used 78716K, committed 80448K, reserved 1179648K
  class space    used 10827K, committed 11648K, reserved 1048576K
}
Event: 14.061 GC heap before
{Heap before GC invocations=26 (full 0):
 garbage-first heap   total 147456K, used 134033K [0x0000000080000000, 0x0000000100000000)
  region size 1024K, 45 young (46080K), 6 survivors (6144K)
 Metaspace       used 82266K, committed 83904K, reserved 1179648K
  class space    used 11240K, committed 12032K, reserved 1048576K
}
Event: 14.077 GC heap after
{Heap after GC invocations=27 (full 0):
 garbage-first heap   total 149504K, used 94208K [0x0000000080000000, 0x0000000100000000)
  region size 1024K, 6 young (6144K), 6 survivors (6144K)
 Metaspace       used 82266K, committed 83904K, reserved 1179648K
  class space    used 11240K, committed 12032K, reserved 1048576K
}
Event: 14.231 GC heap before
{Heap before GC invocations=27 (full 0):
 garbage-first heap   total 149504K, used 102400K [0x0000000080000000, 0x0000000100000000)
  region size 1024K, 15 young (15360K), 6 survivors (6144K)
 Metaspace       used 83252K, committed 84992K, reserved 1179648K
  class space    used 11342K, committed 12160K, reserved 1048576K
}
Event: 14.238 GC heap after
{Heap after GC invocations=28 (full 0):
 garbage-first heap   total 180224K, used 96104K [0x0000000080000000, 0x0000000100000000)
  region size 1024K, 2 young (2048K), 2 survivors (2048K)
 Metaspace       used 83252K, committed 84992K, reserved 1179648K
  class space    used 11342K, committed 12160K, reserved 1048576K
}
Event: 15.440 GC heap before
{Heap before GC invocations=29 (full 0):
 garbage-first heap   total 180224K, used 163688K [0x0000000080000000, 0x0000000100000000)
  region size 1024K, 62 young (63488K), 2 survivors (2048K)
 Metaspace       used 90318K, committed 92160K, reserved 1179648K
  class space    used 12034K, committed 12928K, reserved 1048576K
}
Event: 15.444 GC heap after
{Heap after GC invocations=30 (full 0):
 garbage-first heap   total 180224K, used 106322K [0x0000000080000000, 0x0000000100000000)
  region size 1024K, 6 young (6144K), 6 survivors (6144K)
 Metaspace       used 90318K, committed 92160K, reserved 1179648K
  class space    used 12034K, committed 12928K, reserved 1048576K
}
Event: 16.506 GC heap before
{Heap before GC invocations=30 (full 0):
 garbage-first heap   total 180224K, used 160594K [0x0000000080000000, 0x0000000100000000)
  region size 1024K, 59 young (60416K), 6 survivors (6144K)
 Metaspace       used 97594K, committed 99584K, reserved 1179648K
  class space    used 13002K, committed 13952K, reserved 1048576K
}
Event: 16.514 GC heap after
{Heap after GC invocations=31 (full 0):
 garbage-first heap   total 180224K, used 109258K [0x0000000080000000, 0x0000000100000000)
  region size 1024K, 4 young (4096K), 4 survivors (4096K)
 Metaspace       used 97594K, committed 99584K, reserved 1179648K
  class space    used 13002K, committed 13952K, reserved 1048576K
}
Event: 16.816 GC heap before
{Heap before GC invocations=31 (full 0):
 garbage-first heap   total 180224K, used 120522K [0x0000000080000000, 0x0000000100000000)
  region size 1024K, 16 young (16384K), 4 survivors (4096K)
 Metaspace       used 99145K, committed 101184K, reserved 1179648K
  class space    used 13187K, committed 14144K, reserved 1048576K
}
Event: 16.823 GC heap after
{Heap after GC invocations=32 (full 0):
 garbage-first heap   total 180224K, used 110194K [0x0000000080000000, 0x0000000100000000)
  region size 1024K, 5 young (5120K), 5 survivors (5120K)
 Metaspace       used 99145K, committed 101184K, reserved 1179648K
  class space    used 13187K, committed 14144K, reserved 1048576K
}
Event: 17.438 GC heap before
{Heap before GC invocations=33 (full 0):
 garbage-first heap   total 186368K, used 165490K [0x0000000080000000, 0x0000000100000000)
  region size 1024K, 58 young (59392K), 5 survivors (5120K)
 Metaspace       used 101538K, committed 103616K, reserved 1179648K
  class space    used 13448K, committed 14400K, reserved 1048576K
}
Event: 17.444 GC heap after
{Heap after GC invocations=34 (full 0):
 garbage-first heap   total 186368K, used 114196K [0x0000000080000000, 0x0000000100000000)
  region size 1024K, 6 young (6144K), 6 survivors (6144K)
 Metaspace       used 101538K, committed 103616K, reserved 1179648K
  class space    used 13448K, committed 14400K, reserved 1048576K
}
Event: 18.547 GC heap before
{Heap before GC invocations=34 (full 0):
 garbage-first heap   total 186368K, used 168468K [0x0000000080000000, 0x0000000100000000)
  region size 1024K, 59 young (60416K), 6 survivors (6144K)
 Metaspace       used 106724K, committed 108864K, reserved 1179648K
  class space    used 14002K, committed 15040K, reserved 1048576K
}
Event: 18.556 GC heap after
{Heap after GC invocations=35 (full 0):
 garbage-first heap   total 186368K, used 117217K [0x0000000080000000, 0x0000000100000000)
  region size 1024K, 8 young (8192K), 8 survivors (8192K)
 Metaspace       used 106724K, committed 108864K, reserved 1179648K
  class space    used 14002K, committed 15040K, reserved 1048576K
}
Event: 24.858 GC heap before
{Heap before GC invocations=35 (full 0):
 garbage-first heap   total 186368K, used 167393K [0x0000000080000000, 0x0000000100000000)
  region size 1024K, 57 young (58368K), 8 survivors (8192K)
 Metaspace       used 113810K, committed 115968K, reserved 1179648K
  class space    used 14807K, committed 15872K, reserved 1048576K
}
Event: 24.865 GC heap after
{Heap after GC invocations=36 (full 0):
 garbage-first heap   total 186368K, used 120656K [0x0000000080000000, 0x0000000100000000)
  region size 1024K, 8 young (8192K), 8 survivors (8192K)
 Metaspace       used 113810K, committed 115968K, reserved 1179648K
  class space    used 14807K, committed 15872K, reserved 1048576K
}

